Using pre-set license
Built from '2020.3/staging' branch; Version is '2020.3.11f1 (99c7afb366b3) revision 10078127'; Using compiler version '192528614'; Build Type 'Release'
OS: 'Windows 10 Pro; OS build 19043.1052; Version 2009; 64bit' Language: 'ko' Physical Memory: 32676 MB
BatchMode: 1, IsHumanControllingUs: 0, StartBugReporterOnCrash: 0, Is64bit: 1, IsPro: 0

 COMMAND LINE ARGUMENTS:
E:\Unity\2020.3.11f1\Editor\Unity.exe
-adb2
-batchMode
-noUpm
-name
AssetImportWorker0
-projectPath
C:/UnityProject/Study/Running2D
-logFile
Logs/AssetImportWorker0.log
-srvPort
2558
Successfully changed project path to: C:/UnityProject/Study/Running2D
C:/UnityProject/Study/Running2D
Using Asset Import Pipeline V2.
Refreshing native plugins compatible for Editor in 31.68 ms, found 2 plugins.
Preloading 0 native plugins for Editor in 0.00 ms.
Initialize engine version: 2020.3.11f1 (99c7afb366b3)
[Subsystems] Discovering subsystems at path E:/Unity/2020.3.11f1/Editor/Data/Resources/UnitySubsystems
[Subsystems] Discovering subsystems at path C:/UnityProject/Study/Running2D/Assets
GfxDevice: creating device client; threaded=0
Direct3D:
    Version:  Direct3D 11.0 [level 11.1]
    Renderer: NVIDIA GeForce GTX 1060 3GB (ID=0x1b84)
    Vendor:   
    VRAM:     2988 MB
    Driver:   27.21.14.5671
Initialize mono
Mono path[0] = 'E:/Unity/2020.3.11f1/Editor/Data/Managed'
Mono path[1] = 'E:/Unity/2020.3.11f1/Editor/Data/MonoBleedingEdge/lib/mono/unityjit'
Mono config path = 'E:/Unity/2020.3.11f1/Editor/Data/MonoBleedingEdge/etc'
Using monoOptions --debugger-agent=transport=dt_socket,embedding=1,server=y,suspend=n,address=127.0.0.1:56128
Begin MonoManager ReloadAssembly
Registering precompiled unity dll's ...
Register platform support module: E:/Unity/2020.3.11f1/Editor/Data/PlaybackEngines/WebGLSupport/UnityEditor.WebGL.Extensions.dll
Register platform support module: E:/Unity/2020.3.11f1/Editor/Data/PlaybackEngines/WindowsStandaloneSupport/UnityEditor.WindowsStandalone.Extensions.dll
Registered in 0.001320 seconds.
Native extension for WindowsStandalone target not found
Native extension for WebGL target not found
Refreshing native plugins compatible for Editor in 43.57 ms, found 2 plugins.
Preloading 0 native plugins for Editor in 0.00 ms.
Mono: successfully reloaded assembly
- Completed reload, in  1.447 seconds
Platform modules already initialized, skipping
Registering precompiled user dll's ...
Registered in 0.002801 seconds.
Begin MonoManager ReloadAssembly
Native extension for WindowsStandalone target not found
Native extension for WebGL target not found
Refreshing native plugins compatible for Editor in 0.44 ms, found 2 plugins.
Preloading 0 native plugins for Editor in 0.00 ms.
Mono: successfully reloaded assembly
- Completed reload, in  0.679 seconds
Platform modules already initialized, skipping
========================================================================
Worker process is ready to serve import requests
Launched and connected shader compiler UnityShaderCompiler.exe after 0.03 seconds
Refreshing native plugins compatible for Editor in 0.48 ms, found 2 plugins.
Preloading 0 native plugins for Editor in 0.00 ms.
Unloading 1559 Unused Serialized files (Serialized files now loaded: 0)
System memory in use before: 75.5 MB.
System memory in use after: 75.6 MB.

Unloading 21 unused Assets to reduce memory usage. Loaded Objects now: 2001.
Total: 1.704900 ms (FindLiveObjects: 0.124600 ms CreateObjectMapping: 0.033800 ms MarkObjects: 1.525800 ms  DeleteObjects: 0.019900 ms)

========================================================================
Received Import Request.
  path: Assets/UnityChan/2DUnitychan/Animations/Unitychan
  artifactKey: Guid(1091b943d4bb04762a0079d74aeacd98) Importer(815301076,1909f56bfc062723c751e8b465ee728b)
Start importing Assets/UnityChan/2DUnitychan/Animations/Unitychan using Guid(1091b943d4bb04762a0079d74aeacd98) Importer(815301076,1909f56bfc062723c751e8b465ee728b)  -> (artifact id: '63119e50f993003eff81912a45e3ed97') in 0.003545 seconds
  Import took 0.005240 seconds .

========================================================================
Received Import Request.
  Time since last request: 0.000106 seconds.
  path: Assets/UnityChan/2DUnitychan/Animations
  artifactKey: Guid(0f2f73c04693a49cd937bfb0f5e90c34) Importer(815301076,1909f56bfc062723c751e8b465ee728b)
Start importing Assets/UnityChan/2DUnitychan/Animations using Guid(0f2f73c04693a49cd937bfb0f5e90c34) Importer(815301076,1909f56bfc062723c751e8b465ee728b)  -> (artifact id: '0b71e0f48724027d9077e989d7fb1da6') in 0.001701 seconds
  Import took 0.002933 seconds .

========================================================================
Received Import Request.
  Time since last request: 9.184836 seconds.
  path: Assets/UnityChan/2DUnitychan/Sprites/Unitychan
  artifactKey: Guid(6852ad45899dd43769b654d9f6a7a454) Importer(815301076,1909f56bfc062723c751e8b465ee728b)
Start importing Assets/UnityChan/2DUnitychan/Sprites/Unitychan using Guid(6852ad45899dd43769b654d9f6a7a454) Importer(815301076,1909f56bfc062723c751e8b465ee728b)  -> (artifact id: '46c7b22aa061ff3e39cad6b132a00bcd') in 0.002006 seconds
  Import took 0.004117 seconds .

========================================================================
Received Import Request.
  Time since last request: 52.374192 seconds.
  path: Assets/UnityChan/2DUnitychan/Sprites/Unitychan/BasicActions/Unitychan_Damage_1.controller
  artifactKey: Guid(6d87e027dbd3e204497db6e82846139d) Importer(815301076,1909f56bfc062723c751e8b465ee728b)
Start importing Assets/UnityChan/2DUnitychan/Sprites/Unitychan/BasicActions/Unitychan_Damage_1.controller using Guid(6d87e027dbd3e204497db6e82846139d) Importer(815301076,1909f56bfc062723c751e8b465ee728b)  -> (artifact id: 'b5dd8076263ade9eb0a3c57b947ed05c') in 0.020091 seconds
  Import took 0.022607 seconds .

========================================================================
Received Import Request.
  Time since last request: 18.031487 seconds.
  path: Assets/Anim/Hit.anim
  artifactKey: Guid(01b9941bdf2b6c3459da15c2d4b182a1) Importer(815301076,1909f56bfc062723c751e8b465ee728b)
Start importing Assets/Anim/Hit.anim using Guid(01b9941bdf2b6c3459da15c2d4b182a1) Importer(815301076,1909f56bfc062723c751e8b465ee728b)  -> (artifact id: '3a38806d52ae3497c9be29d21c6d14c8') in 0.003578 seconds
  Import took 0.005749 seconds .

========================================================================
Received Import Request.
  Time since last request: 0.027871 seconds.
  path: Assets/Anim/Hit.anim
  artifactKey: Guid(01b9941bdf2b6c3459da15c2d4b182a1) Importer(815301076,1909f56bfc062723c751e8b465ee728b)
Start importing Assets/Anim/Hit.anim using Guid(01b9941bdf2b6c3459da15c2d4b182a1) Importer(815301076,1909f56bfc062723c751e8b465ee728b)  -> (artifact id: '3a38806d52ae3497c9be29d21c6d14c8') in 0.001889 seconds
  Import took 0.004005 seconds .

